Log: 2024/03/15 16:40:23 helpers.go:121: Connected Successfully: Postgres
Log: 2024/03/15 16:40:23 api.go:198: OK.
Log: 2024/03/15 16:40:31 api.go:109: 0x105011ea0  Connecting to the Internet.
Log: 2024/03/15 16:40:35 api.go:109: 0x105011ea0  Connecting to the Internet.
Log: 2024/03/15 16:40:38 api.go:91: Can't insert data to redis: dial tcp [::1]:6379: connect: connection refused .
Log: 2024/03/15 16:40:38 api.go:93: Data for Redis successfully inserted!!!
Log: 2024/03/15 16:40:39 api.go:109: 0x105011ea0  Connecting to the Internet.
Log: 2024/03/15 16:40:39 helpers.go:88: Cache updated.
Log: 2024/03/15 16:40:44 api.go:109: 0x105011ea0  Connecting to the Internet.
Log: 2024/03/15 16:40:47 helpers.go:88: Cache updated.
Log: 2024/03/15 16:40:49 api.go:109: 0x105011ea0  Connecting to the Internet.
Log: 2024/03/15 16:40:53 api.go:91: Can't insert data to redis: dial tcp [::1]:6379: connect: connection refused .
Log: 2024/03/15 16:40:53 api.go:93: Data for Redis successfully inserted!!!
Log: 2024/03/15 16:40:54 api.go:109: 0x105011ea0  Connecting to the Internet.
Log: 2024/03/15 16:40:56 helpers.go:88: Cache updated.
Log: 2024/03/15 16:40:59 api.go:109: 0x105011ea0  Connecting to the Internet.
Log: 2024/03/15 16:41:04 api.go:109: 0x105011ea0  Connecting to the Internet.
Log: 2024/03/15 16:41:07 helpers.go:88: Cache updated.
Log: 2024/03/15 16:41:08 api.go:91: Can't insert data to redis: dial tcp [::1]:6379: connect: connection refused .
Log: 2024/03/15 16:41:08 api.go:93: Data for Redis successfully inserted!!!
Log: 2024/03/15 16:41:09 api.go:109: 0x105011ea0  Connecting to the Internet.
Log: 2024/03/15 16:41:14 api.go:109: 0x105011ea0  Connecting to the Internet.
Log: 2024/03/15 16:41:22 api.go:109: 0x105011ea0  Connecting to the Internet.
Log: 2024/03/15 16:41:23 api.go:91: Can't insert data to redis: dial tcp [::1]:6379: connect: connection refused .
Log: 2024/03/15 16:41:23 api.go:93: Data for Redis successfully inserted!!!
Log: 2024/03/15 16:41:24 api.go:109: 0x105011ea0  Connecting to the Internet.
Log: 2024/03/15 16:41:25 helpers.go:88: Cache updated.
Log: 2024/03/15 16:41:30 api.go:109: 0x105011ea0  Connecting to the Internet.
Log: 2024/03/15 16:41:31 helpers.go:88: Cache updated.
Log: 2024/03/15 16:41:37 api.go:109: 0x105011ea0  Connecting to the Internet.
Log: 2024/03/15 16:41:38 api.go:91: Can't insert data to redis: dial tcp [::1]:6379: connect: connection refused .
Log: 2024/03/15 16:41:38 api.go:93: Data for Redis successfully inserted!!!
Log: 2024/03/15 16:41:39 api.go:109: 0x105011ea0  Connecting to the Internet.
Log: 2024/03/15 16:41:39 helpers.go:88: Cache updated.
Log: 2024/03/15 16:41:44 api.go:109: 0x105011ea0  Connecting to the Internet.
Log: 2024/03/15 16:41:49 postgres.go:125: Post updated successfully.
Log: 2024/03/15 16:41:50 api.go:109: 0x105011ea0  Connecting to the Internet.
Log: 2024/03/15 16:41:52 helpers.go:88: Cache updated.
Log: 2024/03/15 16:41:53 api.go:91: Can't insert data to redis: dial tcp [::1]:6379: connect: connection refused .
Log: 2024/03/15 16:41:53 api.go:93: Data for Redis successfully inserted!!!
Log: 2024/03/15 16:41:55 api.go:109: 0x105011ea0  Connecting to the Internet.
Log: 2024/03/15 16:41:59 api.go:109: 0x105011ea0  Connecting to the Internet.
Log: 2024/03/15 16:42:03 helpers.go:88: Cache updated.
Log: 2024/03/15 16:42:07 api.go:109: 0x105011ea0  Connecting to the Internet.
Log: 2024/03/15 16:42:07 api.go:120: Success update a cache!!!
